22:47:05.773 [main] INFO  org.testng.internal.Utils - [TestNG] Time taken by org.testng.internal.ExitCodeListener@28c86134: 0 ms
23:28:33.207 [main] INFO  org.testng.internal.Utils - [TestNG] Running:
  D:\Project1\master.xml

23:28:36.681 [main] INFO  testCases.TC001_AccoutRegistrationPage - ****Starting TC001_AccoutRegistrationPage **** 
23:28:36.833 [main] INFO  testCases.TC001_AccoutRegistrationPage - Clicked on MyAccount Link..
23:28:37.488 [main] INFO  testCases.TC001_AccoutRegistrationPage - Clicked on Register Link..
23:28:37.493 [main] INFO  testCases.TC001_AccoutRegistrationPage - Providing customer details..
23:28:38.546 [main] INFO  testCases.TC001_AccoutRegistrationPage - Validating expected message 
23:28:38.586 [main] INFO  testCases.TC001_AccoutRegistrationPage - ****Finished TC001_AccoutRegistrationPage **** 
23:29:09.338 [main] INFO  org.testng.internal.Utils - [TestNG] Running:
  D:\Project1\master.xml

23:29:16.644 [main] INFO  testCases.TC001_AccoutRegistrationPage - ****Starting TC001_AccoutRegistrationPage **** 
23:29:16.940 [main] INFO  testCases.TC001_AccoutRegistrationPage - Clicked on MyAccount Link..
23:29:17.923 [main] INFO  testCases.TC001_AccoutRegistrationPage - Clicked on Register Link..
23:29:17.924 [main] INFO  testCases.TC001_AccoutRegistrationPage - Providing customer details..
23:29:18.993 [main] INFO  testCases.TC001_AccoutRegistrationPage - Validating expected message 
23:29:19.024 [main] INFO  testCases.TC001_AccoutRegistrationPage - ****Finished TC001_AccoutRegistrationPage **** 
23:37:13.870 [main] INFO  org.testng.internal.Utils - [TestNG] Running:
  D:\Project1\crossbrowsertesting.xml

23:37:17.923 [main] INFO  testCases.TC001_AccoutRegistrationPage - ****Starting TC001_AccoutRegistrationPage **** 
23:37:18.071 [main] INFO  testCases.TC001_AccoutRegistrationPage - Clicked on MyAccount Link..
23:37:19.362 [main] INFO  testCases.TC001_AccoutRegistrationPage - Clicked on Register Link..
23:37:19.365 [main] INFO  testCases.TC001_AccoutRegistrationPage - Providing customer details..
23:37:20.486 [main] INFO  testCases.TC001_AccoutRegistrationPage - Validating expected message 
23:37:20.527 [main] INFO  testCases.TC001_AccoutRegistrationPage - ****Finished TC001_AccoutRegistrationPage **** 
23:37:24.815 [main] INFO  testCases.TC001_AccoutRegistrationPage - ****Starting TC001_AccoutRegistrationPage **** 
23:37:24.951 [main] INFO  testCases.TC001_AccoutRegistrationPage - Clicked on MyAccount Link..
23:37:25.499 [main] INFO  testCases.TC001_AccoutRegistrationPage - Clicked on Register Link..
23:37:25.500 [main] INFO  testCases.TC001_AccoutRegistrationPage - Providing customer details..
23:37:26.485 [main] INFO  testCases.TC001_AccoutRegistrationPage - Validating expected message 
23:37:26.515 [main] INFO  testCases.TC001_AccoutRegistrationPage - ****Finished TC001_AccoutRegistrationPage **** 
23:37:31.980 [main] INFO  testCases.TC001_AccoutRegistrationPage - ****Starting TC001_AccoutRegistrationPage **** 
23:37:32.254 [main] INFO  testCases.TC001_AccoutRegistrationPage - Clicked on MyAccount Link..
23:37:33.426 [main] INFO  testCases.TC001_AccoutRegistrationPage - Clicked on Register Link..
23:37:33.427 [main] INFO  testCases.TC001_AccoutRegistrationPage - Providing customer details..
23:37:34.466 [main] INFO  testCases.TC001_AccoutRegistrationPage - Validating expected message 
23:37:34.492 [main] INFO  testCases.TC001_AccoutRegistrationPage - ****Finished TC001_AccoutRegistrationPage **** 
23:39:11.280 [main] INFO  org.testng.internal.Utils - [TestNG] Running:
  D:\Project1\crossbrowsertesting.xml

23:39:15.849 [TestNG-tests-1] INFO  testCases.TC001_AccoutRegistrationPage - ****Starting TC001_AccoutRegistrationPage **** 
23:39:16.740 [TestNG-tests-1] INFO  testCases.TC001_AccoutRegistrationPage - Clicked on MyAccount Link..
23:39:17.892 [TestNG-tests-1] INFO  testCases.TC001_AccoutRegistrationPage - Clicked on Register Link..
23:39:17.899 [TestNG-tests-1] INFO  testCases.TC001_AccoutRegistrationPage - Providing customer details..
23:39:17.974 [TestNG-tests-2] INFO  testCases.TC001_AccoutRegistrationPage - ****Starting TC001_AccoutRegistrationPage **** 
23:39:18.271 [TestNG-tests-2] INFO  testCases.TC001_AccoutRegistrationPage - Clicked on MyAccount Link..
23:39:18.934 [TestNG-tests-3] INFO  testCases.TC001_AccoutRegistrationPage - ****Starting TC001_AccoutRegistrationPage **** 
23:39:19.286 [TestNG-tests-3] INFO  testCases.TC001_AccoutRegistrationPage - Clicked on MyAccount Link..
23:39:19.408 [TestNG-tests-2] INFO  testCases.TC001_AccoutRegistrationPage - Clicked on Register Link..
23:39:19.411 [TestNG-tests-2] INFO  testCases.TC001_AccoutRegistrationPage - Providing customer details..
23:39:20.154 [TestNG-tests-3] INFO  testCases.TC001_AccoutRegistrationPage - Clicked on Register Link..
23:39:20.155 [TestNG-tests-3] INFO  testCases.TC001_AccoutRegistrationPage - Providing customer details..
23:39:20.423 [TestNG-tests-1] INFO  testCases.TC001_AccoutRegistrationPage - Validating expected message 
